0 info it worked if it ends with ok
1 verbose cli [ '/usr/local/Cellar/node/7.2.1/bin/node',
1 verbose cli   '/usr/local/bin/npm',
1 verbose cli   'run',
1 verbose cli   'serve' ]
2 info using npm@3.10.9
3 info using node@v7.2.1
4 verbose run-script [ 'preserve', 'serve', 'postserve' ]
5 info lifecycle project4-server@1.0.0~preserve: project4-server@1.0.0
6 silly lifecycle project4-server@1.0.0~preserve: no script for preserve, continuing
7 info lifecycle project4-server@1.0.0~serve: project4-server@1.0.0
8 verbose lifecycle project4-server@1.0.0~serve: unsafe-perm in lifecycle true
9 verbose lifecycle project4-server@1.0.0~serve: PATH: /usr/local/lib/node_modules/npm/bin/node-gyp-bin:/Users/chengkoon/Documents/wdi/project4-server/node_modules/.bin:/usr/local/lib/node_modules/npm/bin/node-gyp-bin:/Users/chengkoon/Documents/wdi/project4-server/node_modules/.bin:/usr/local/Cellar/node/7.2.1/bin:/Users/chengkoon/.rbenv/shims:/Users/chengkoon/.rbenv/bin:/usr/local/bin:/usr/bin:/bin:/usr/sbin:/sbin:/Applications/Postgres.app/Contents/Versions/latest/bin:/Applications/Postgres.app/Contents/Versions/9.5/bin
10 verbose lifecycle project4-server@1.0.0~serve: CWD: /Users/chengkoon/Documents/wdi/project4-server
11 silly lifecycle project4-server@1.0.0~serve: Args: [ '-c', 'node index.js' ]
12 silly lifecycle project4-server@1.0.0~serve: Returned: code: 1  signal: null
13 info lifecycle project4-server@1.0.0~serve: Failed to exec serve script
14 verbose stack Error: project4-server@1.0.0 serve: `node index.js`
14 verbose stack Exit status 1
14 verbose stack     at EventEmitter.<anonymous> (/usr/local/lib/node_modules/npm/lib/utils/lifecycle.js:255:16)
14 verbose stack     at emitTwo (events.js:106:13)
14 verbose stack     at EventEmitter.emit (events.js:191:7)
14 verbose stack     at ChildProcess.<anonymous> (/usr/local/lib/node_modules/npm/lib/utils/spawn.js:40:14)
14 verbose stack     at emitTwo (events.js:106:13)
14 verbose stack     at ChildProcess.emit (events.js:191:7)
14 verbose stack     at maybeClose (internal/child_process.js:885:16)
14 verbose stack     at Process.ChildProcess._handle.onexit (internal/child_process.js:226:5)
15 verbose pkgid project4-server@1.0.0
16 verbose cwd /Users/chengkoon/Documents/wdi/project4-server
17 error Darwin 16.4.0
18 error argv "/usr/local/Cellar/node/7.2.1/bin/node" "/usr/local/bin/npm" "run" "serve"
19 error node v7.2.1
20 error npm  v3.10.9
21 error code ELIFECYCLE
22 error project4-server@1.0.0 serve: `node index.js`
22 error Exit status 1
23 error Failed at the project4-server@1.0.0 serve script 'node index.js'.
23 error Make sure you have the latest version of node.js and npm installed.
23 error If you do, this is most likely a problem with the project4-server package,
23 error not with npm itself.
23 error Tell the author that this fails on your system:
23 error     node index.js
23 error You can get information on how to open an issue for this project with:
23 error     npm bugs project4-server
23 error Or if that isn't available, you can get their info via:
23 error     npm owner ls project4-server
23 error There is likely additional logging output above.
24 verbose exit [ 1, true ]
